#
# There is insufficient memory for the Java Runtime Environment to continue.
# Native memory allocation (mmap) failed to map 532676608 bytes for G1 virtual space
# Possible reasons:
#   The system is out of physical RAM or swap space
#   The process is running with CompressedOops enabled, and the Java Heap may be blocking the growth of the native heap
# Possible solutions:
#   Reduce memory load on the system
#   Increase physical memory or swap space
#   Check if swap backing store is full
#   Decrease Java heap size (-Xmx/-Xms)
#   Decrease number of Java threads
#   Decrease Java thread stack sizes (-Xss)
#   Set larger code cache with -XX:ReservedCodeCacheSize=
#   JVM is running with Zero Based Compressed Oops mode in which the Java heap is
#     placed in the first 32GB address space. The Java Heap base address is the
#     maximum limit for the native heap growth. Please use -XX:HeapBaseMinAddress
#     to set the Java Heap base and to place the Java Heap above 32GB virtual address.
# This output file may be truncated or incomplete.
#
#  Out of Memory Error (os_windows.cpp:3528), pid=2060, tid=17012
#
# JRE version:  (20.0.2+9) (build )
# Java VM: Java HotSpot(TM) 64-Bit Server VM (20.0.2+9-78, mixed mode, sharing, tiered, compressed oops, compressed class ptrs, g1 gc, windows-amd64)
# No core dump will be written. Minidumps are not enabled by default on client versions of Windows
#

---------------  S U M M A R Y ------------

Command Line: -Dclassworlds.conf=C:\Downloads\apache-maven-3.9.9-bin\apache-maven-3.9.9\bin\m2.conf -Dmaven.home=C:\Downloads\apache-maven-3.9.9-bin\apache-maven-3.9.9 -Dlibrary.jansi.path=C:\Downloads\apache-maven-3.9.9-bin\apache-maven-3.9.9\lib\jansi-native -Dmaven.multiModuleProjectDirectory=C:\Downloads\Big-Data-Project\Main\real_time_app org.codehaus.plexus.classworlds.launcher.Launcher -f C:\Downloads\Big-Data-Project\Main\real_time_app\pom.xml spring-boot:run

Host: 12th Gen Intel(R) Core(TM) i7-12700H, 20 cores, 31G,  Windows 11 , 64 bit Build 22621 (10.0.22621.4391)
Time: Tue Dec 10 04:17:34 2024 SE Asia Standard Time elapsed time: 0.006726 seconds (0d 0h 0m 0s)

---------------  T H R E A D  ---------------

Current thread (0x0000023888eadff0):  JavaThread "Unknown thread" [_thread_in_vm, id=17012, stack(0x0000009dc9a00000,0x0000009dc9b00000)]

Stack: [0x0000009dc9a00000,0x0000009dc9b00000]
Native frames: (J=compiled Java code, j=interpreted, Vv=VM code, C=native code)
V  [jvm.dll+0x6bc25a]
V  [jvm.dll+0x84971a]
V  [jvm.dll+0x84b315]
V  [jvm.dll+0x84ba13]
V  [jvm.dll+0x280e4f]
V  [jvm.dll+0x6b8fe9]
V  [jvm.dll+0x6adbca]
V  [jvm.dll+0x35b165]
V  [jvm.dll+0x363386]
V  [jvm.dll+0x3b400e]
V  [jvm.dll+0x3b4295]
V  [jvm.dll+0x32b86a]
V  [jvm.dll+0x32c68b]
V  [jvm.dll+0x8123df]
V  [jvm.dll+0x3c1261]
V  [jvm.dll+0x7fe103]
V  [jvm.dll+0x44ccaf]
V  [jvm.dll+0x44e621]
C  [jli.dll+0x5287]
C  [ucrtbase.dll+0x29333]
C  [KERNEL32.DLL+0x1259d]
C  [ntdll.dll+0x5af38]


---------------  P R O C E S S  ---------------

Threads class SMR info:
_java_thread_list=0x00007ffe33cbb118, length=0, elements={
}

Java Threads: ( => current thread )

Other Threads:
  0x000002388b206500 WorkerThread "GC Thread#0" [stack: 0x0000009dc9b00000,0x0000009dc9c00000] [id=12608]
  0x00000238adc2c010 ConcurrentGCThread "G1 Main Marker" [stack: 0x0000009dc9c00000,0x0000009dc9d00000] [id=24712]
  0x00000238adc2ca40 WorkerThread "G1 Conc#0" [stack: 0x0000009dc9d00000,0x0000009dc9e00000] [id=30504]

[error occurred during error reporting (printing all threads), id 0xc0000005, EXCEPTION_ACCESS_VIOLATION (0xc0000005) at pc=0x00007ffe3349eea7]
VM state: not at safepoint (not fully initialized)

VM Mutex/Monitor currently owned by a thread:  ([mutex/lock_event])
[0x0000023888eab820] Heap_lock - owner thread: 0x0000023888eadff0

Heap address: 0x0000000605c00000, size: 8100 MB, Compressed Oops mode: Zero based, Oop shift amount: 3

CDS archive(s) mapped at: [0x0000000000000000-0x0000000000000000-0x0000000000000000), size 0, SharedBaseAddress: 0x0000000800000000, ArchiveRelocationMode: 1.
Narrow klass base: 0x0000000000000000, Narrow klass shift: 0, Narrow klass range: 0x0

GC Precious Log:
 CardTable entry size: 512
 Card Set container configuration: InlinePtr #cards 4 size 8 Array Of Cards #cards 32 size 80 Howl #buckets 8 coarsen threshold 7372 Howl Bitmap #cards 1024 size 144 coarsen threshold 921 Card regions per heap region 1 cards per card region 8192

Heap:
 garbage-first heap   total 0K, used 0K [0x0000000605c00000, 0x0000000800000000)
  region size 4096K, 0 young (0K), 0 survivors (0K)

[error occurred during error reporting (printing heap information), id 0xc0000005, EXCEPTION_ACCESS_VIOLATION (0xc0000005) at pc=0x00007ffe338747b9]
GC Heap History (0 events):
No events

Dll operation events (1 events):
Event: 0.004 Loaded shared library C:\Program Files\Java\jdk-20\bin\java.dll

Deoptimization events (0 events):
No events

Classes loaded (0 events):
No events

Classes unloaded (0 events):
No events

Classes redefined (0 events):
No events

Internal exceptions (0 events):
No events

VM Operations (0 events):
No events

Events (0 events):
No events


Dynamic libraries:
0x00007ff637800000 - 0x00007ff637810000 	C:\Program Files\Java\jdk-20\bin\java.exe
0x00007ffeabe70000 - 0x00007ffeac087000 	C:\WINDOWS\SYSTEM32\ntdll.dll
0x00007ffeab200000 - 0x00007ffeab2c4000 	C:\WINDOWS\System32\KERNEL32.DLL
0x00007ffea94e0000 - 0x00007ffea989a000 	C:\WINDOWS\System32\KERNELBASE.dll
0x00007ffea9940000 - 0x00007ffea9a51000 	C:\WINDOWS\System32\ucrtbase.dll
0x00007ffe88ee0000 - 0x00007ffe88efb000 	C:\Program Files\Java\jdk-20\bin\VCRUNTIME140.dll
0x00007ffe88f00000 - 0x00007ffe88f19000 	C:\Program Files\Java\jdk-20\bin\jli.dll
0x00007ffeab530000 - 0x00007ffeab5e2000 	C:\WINDOWS\System32\ADVAPI32.dll
0x00007ffeab0a0000 - 0x00007ffeab147000 	C:\WINDOWS\System32\msvcrt.dll
0x00007ffeaaff0000 - 0x00007ffeab097000 	C:\WINDOWS\System32\sechost.dll
0x00007ffea9340000 - 0x00007ffea9368000 	C:\WINDOWS\System32\bcrypt.dll
0x00007ffeaaec0000 - 0x00007ffeaafd4000 	C:\WINDOWS\System32\RPCRT4.dll
0x00007ffeaab70000 - 0x00007ffeaad1e000 	C:\WINDOWS\System32\USER32.dll
0x00007ffea9290000 - 0x00007ffea92b6000 	C:\WINDOWS\System32\win32u.dll
0x00007ffeab7c0000 - 0x00007ffeab7e9000 	C:\WINDOWS\System32\GDI32.dll
0x00007ffe989c0000 - 0x00007ffe98c52000 	C:\WINDOWS\WinSxS\amd64_microsoft.windows.common-controls_6595b64144ccf1df_6.0.22621.4541_none_2710d1c57384c085\COMCTL32.dll
0x00007ffea9a60000 - 0x00007ffea9b7b000 	C:\WINDOWS\System32\gdi32full.dll
0x00007ffea98a0000 - 0x00007ffea993a000 	C:\WINDOWS\System32\msvcp_win.dll
0x00007ffe9eea0000 - 0x00007ffe9eeaa000 	C:\WINDOWS\SYSTEM32\VERSION.dll
0x00007ffeaa170000 - 0x00007ffeaa1a1000 	C:\WINDOWS\System32\IMM32.DLL
0x00007ffea1160000 - 0x00007ffea116c000 	C:\Program Files\Java\jdk-20\bin\vcruntime140_1.dll
0x00007ffe5aa30000 - 0x00007ffe5aabe000 	C:\Program Files\Java\jdk-20\bin\msvcp140.dll
0x00007ffe33160000 - 0x00007ffe33df8000 	C:\Program Files\Java\jdk-20\bin\server\jvm.dll
0x00007ffe7fbb0000 - 0x00007ffe7fbb9000 	C:\WINDOWS\SYSTEM32\WSOCK32.dll
0x00007ffea0d30000 - 0x00007ffea0d64000 	C:\WINDOWS\SYSTEM32\WINMM.dll
0x00007ffeaaae0000 - 0x00007ffeaab51000 	C:\WINDOWS\System32\WS2_32.dll
0x00007ffea8240000 - 0x00007ffea8258000 	C:\WINDOWS\SYSTEM32\kernel.appcore.dll
0x00007ffea0f00000 - 0x00007ffea0f0a000 	C:\Program Files\Java\jdk-20\bin\jimage.dll
0x00007ffea64b0000 - 0x00007ffea66e2000 	C:\WINDOWS\SYSTEM32\DBGHELP.DLL
0x00007ffea9d00000 - 0x00007ffeaa08f000 	C:\WINDOWS\System32\combase.dll
0x00007ffeaa090000 - 0x00007ffeaa167000 	C:\WINDOWS\System32\OLEAUT32.dll
0x00007ffe7f6e0000 - 0x00007ffe7f712000 	C:\WINDOWS\SYSTEM32\dbgcore.DLL
0x00007ffea9150000 - 0x00007ffea91cb000 	C:\WINDOWS\System32\bcryptPrimitives.dll
0x00007ffe88e90000 - 0x00007ffe88eb6000 	C:\Program Files\Java\jdk-20\bin\java.dll

dbghelp: loaded successfully - version: 4.0.5 - missing functions: none
symbol engine: initialized successfully - sym options: 0x614 - pdb path: .;C:\Program Files\Java\jdk-20\bin;C:\WINDOWS\SYSTEM32;C:\WINDOWS\WinSxS\amd64_microsoft.windows.common-controls_6595b64144ccf1df_6.0.22621.4541_none_2710d1c57384c085;C:\Program Files\Java\jdk-20\bin\server

VM Arguments:
jvm_args: -Dclassworlds.conf=C:\Downloads\apache-maven-3.9.9-bin\apache-maven-3.9.9\bin\m2.conf -Dmaven.home=C:\Downloads\apache-maven-3.9.9-bin\apache-maven-3.9.9 -Dlibrary.jansi.path=C:\Downloads\apache-maven-3.9.9-bin\apache-maven-3.9.9\lib\jansi-native -Dmaven.multiModuleProjectDirectory=C:\Downloads\Big-Data-Project\Main\real_time_app 
java_command: org.codehaus.plexus.classworlds.launcher.Launcher -f C:\Downloads\Big-Data-Project\Main\real_time_app\pom.xml spring-boot:run
java_class_path (initial): C:\Downloads\apache-maven-3.9.9-bin\apache-maven-3.9.9\boot\plexus-classworlds-2.8.0.jar
Launcher Type: SUN_STANDARD

[Global flags]
     intx CICompilerCount                          = 12                                        {product} {ergonomic}
     uint ConcGCThreads                            = 4                                         {product} {ergonomic}
     uint G1ConcRefinementThreads                  = 15                                        {product} {ergonomic}
   size_t G1HeapRegionSize                         = 4194304                                   {product} {ergonomic}
    uintx GCDrainStackTargetSize                   = 64                                        {product} {ergonomic}
   size_t InitialHeapSize                          = 532676608                                 {product} {ergonomic}
   size_t MarkStackSize                            = 4194304                                   {product} {ergonomic}
   size_t MaxHeapSize                              = 8493465600                                {product} {ergonomic}
   size_t MinHeapDeltaBytes                        = 4194304                                   {product} {ergonomic}
   size_t MinHeapSize                              = 8388608                                   {product} {ergonomic}
    uintx NonNMethodCodeHeapSize                   = 7602480                                {pd product} {ergonomic}
    uintx NonProfiledCodeHeapSize                  = 122027880                              {pd product} {ergonomic}
    uintx ProfiledCodeHeapSize                     = 122027880                              {pd product} {ergonomic}
    uintx ReservedCodeCacheSize                    = 251658240                              {pd product} {ergonomic}
     bool SegmentedCodeCache                       = true                                      {product} {ergonomic}
   size_t SoftMaxHeapSize                          = 8493465600                             {manageable} {ergonomic}
     bool UseCompressedClassPointers               = true                           {product lp64_product} {ergonomic}
     bool UseCompressedOops                        = true                           {product lp64_product} {ergonomic}
     bool UseG1GC                                  = true                                      {product} {ergonomic}
     bool UseLargePagesIndividualAllocation        = false                                  {pd product} {ergonomic}

Logging:
Log output configuration:
 #0: stdout all=warning uptime,level,tags foldmultilines=false
 #1: stderr all=off uptime,level,tags foldmultilines=false

Environment Variables:
JAVA_HOME=C:\Program Files\Java\jdk-20
PATH=C:\Program Files\Common Files\Oracle\Java\javapath;C:\Python312\Scripts\;C:\Python312\;C:\Windows\system32;C:\Windows;C:\Windows\System32\Wbem;C:\Windows\System32\WindowsPowerShell\v1.0\;C:\Windows\System32\OpenSSH\;C:\Program Files (x86)\NVIDIA Corporation\PhysX\Common;C:\Program Files\NVIDIA Corporation\NVIDIA NvDLISR;C:\WINDOWS\system32;C:\WINDOWS;C:\WINDOWS\System32\Wbem;C:\WINDOWS\System32\WindowsPowerShell\v1.0\;C:\WINDOWS\System32\OpenSSH\;D:\mingw32\bin;C:\Program Files\Java\jdk-20\bin;D:\Program Files\Git\cmd;C:\ProgramData\chocolatey\bin;D:\Program Files\nodejs\node.exe;D:\SQLITE;C:\Program Files\Docker\Docker\resources\bin;C:\Program Files\nodejs\;C:\Downloads\apache-maven-3.9.9-bin\apache-maven-3.9.9\bin;C:\Program Files\Java\jdk-20\bin;C:\Downloads\hadoop-3.3.6\bin;C:\Downloads\hadoop-3.3.6\sbin;KAFKA_HOME\bin\windows;C:\Program Files\Java\jdk-20\bin;C:\Downloads\hadoop-3.3.6\bin;C:\Program Files\PostgreSQL\16\bin;C:\Users\Asus\AppData\Local\Microsoft\WindowsApps;D:\Program FilesD\Program Files\bin;;C:\Users\Asus\AppData\Local\GitHubDesktop\bin;C:\Program Files\JetBrains\PyCharm Community Edition 2023.2\bin;;C:\Users\Asus\PyCharm 2023.2\bin;;D:\Microsoft VS Code\bin;C:\Users\Asus\AppData\Roaming\npm;C:\Downloads\spark-3.5.3-bin-hadoop3\bin;C:\Downloads\apache-maven-3.9.9-bin\apache-maven-3.9.9\bin;
USERNAME=Asus
OS=Windows_NT
PROCESSOR_IDENTIFIER=Intel64 Family 6 Model 154 Stepping 3, GenuineIntel
TMP=C:\Users\Asus\AppData\Local\Temp
TEMP=C:\Users\Asus\AppData\Local\Temp




---------------  S Y S T E M  ---------------

OS:
 Windows 11 , 64 bit Build 22621 (10.0.22621.4391)
OS uptime: 0 days 5:46 hours
Hyper-V role detected

CPU: total 20 (initial active 20) (10 cores per cpu, 2 threads per core) family 6 model 154 stepping 3 microcode 0x429, cx8, cmov, fxsr, ht, mmx, 3dnowpref, sse, sse2, sse3, ssse3, sse4.1, sse4.2, popcnt, lzcnt, tsc, tscinvbit, avx, avx2, aes, erms, clmul, bmi1, bmi2, adx, sha, fma, vzeroupper, clflush, clflushopt, clwb, hv, serialize, rdtscp, rdpid, fsrm, f16c, cet_ibt, cet_ss

Memory: 4k page, system-wide physical 32388M (4750M free)
TotalPageFile size 34436M (AvailPageFile size 139M)
current process WorkingSet (physical memory assigned to process): 11M, peak: 11M
current process commit charge ("private bytes"): 75M, peak: 583M

vm_info: Java HotSpot(TM) 64-Bit Server VM (20.0.2+9-78) for windows-amd64 JRE (20.0.2+9-78), built on 2023-06-14T10:08:48Z by "mach5one" with MS VC++ 17.1 (VS2022)

END.
